2022-04-01T17:51:21.751+0530 INFO Starting CapeElectricDiagramBackendApplication using Java 15.0.1 on DESKTOP-TLFQ7F5 with PID 14896 (D:\Project\Cape-Electric-Diagram_Backend\target\classes started by CAPE-SOFTWARE in D:\Project\Cape-Electric-Diagram_Backend)
2022-04-01T17:51:21.754+0530 DEBUG Running with Spring Boot v2.6.5, Spring v5.3.17
2022-04-01T17:51:21.755+0530 INFO No active profile set, falling back to 1 default profile: "default"
2022-04-01T17:51:29.449+0530 DEBUG Filter 'jwtRequestFilter' configured for use
2022-04-01T17:59:37.715+0530 INFO Starting CapeElectricDiagramBackendApplication using Java 15.0.1 on DESKTOP-TLFQ7F5 with PID 16604 (D:\Project\Cape-Electric-Diagram_Backend\target\classes started by CAPE-SOFTWARE in D:\Project\Cape-Electric-Diagram_Backend)
2022-04-01T17:59:37.719+0530 DEBUG Running with Spring Boot v2.6.5, Spring v5.3.17
2022-04-01T17:59:37.720+0530 INFO No active profile set, falling back to 1 default profile: "default"
2022-04-01T17:59:41.282+0530 DEBUG Filter 'jwtRequestFilter' configured for use
2022-04-01T18:01:45.097+0530 INFO Starting CapeElectricDiagramBackendApplication using Java 15.0.1 on DESKTOP-TLFQ7F5 with PID 18296 (D:\Project\Cape-Electric-Diagram_Backend\target\classes started by CAPE-SOFTWARE in D:\Project\Cape-Electric-Diagram_Backend)
2022-04-01T18:01:45.102+0530 DEBUG Running with Spring Boot v2.6.5, Spring v5.3.17
2022-04-01T18:01:45.105+0530 INFO No active profile set, falling back to 1 default profile: "default"
2022-04-01T18:01:48.870+0530 DEBUG Filter 'jwtRequestFilter' configured for use
2022-04-01T18:08:23.229+0530 INFO Starting CapeElectricDiagramBackendApplication using Java 15.0.1 on DESKTOP-TLFQ7F5 with PID 9364 (D:\Project\Cape-Electric-Diagram_Backend\target\classes started by CAPE-SOFTWARE in D:\Project\Cape-Electric-Diagram_Backend)
2022-04-01T18:08:23.231+0530 DEBUG Running with Spring Boot v2.6.5, Spring v5.3.17
2022-04-01T18:08:23.231+0530 INFO No active profile set, falling back to 1 default profile: "default"
2022-04-01T18:08:26.165+0530 DEBUG Filter 'jwtRequestFilter' configured for use
2022-04-01T18:11:22.798+0530 INFO Starting CapeElectricDiagramBackendApplication using Java 15.0.1 on DESKTOP-TLFQ7F5 with PID 16580 (D:\Project\Cape-Electric-Diagram_Backend\target\classes started by CAPE-SOFTWARE in D:\Project\Cape-Electric-Diagram_Backend)
2022-04-01T18:11:22.800+0530 DEBUG Running with Spring Boot v2.6.5, Spring v5.3.17
2022-04-01T18:11:22.801+0530 INFO No active profile set, falling back to 1 default profile: "default"
2022-04-01T18:11:25.605+0530 DEBUG Filter 'jwtRequestFilter' configured for use
2022-04-01T18:23:53.769+0530 INFO Starting CapeElectricDiagramBackendApplicationTests using Java 15.0.1 on DESKTOP-TLFQ7F5 with PID 2240 (started by CAPE-SOFTWARE in D:\Project\Cape-Electric-Diagram_Backend)
2022-04-01T18:23:53.783+0530 DEBUG Running with Spring Boot v2.6.5, Spring v5.3.17
2022-04-01T18:23:53.784+0530 INFO No active profile set, falling back to 1 default profile: "default"
2022-04-01T18:23:59.856+0530 INFO Starting LpsInspectionApplicationTests using Java 15.0.1 on DESKTOP-TLFQ7F5 with PID 2240 (started by CAPE-SOFTWARE in D:\Project\Cape-Electric-Diagram_Backend)
2022-04-01T18:23:59.857+0530 DEBUG Running with Spring Boot v2.6.5, Spring v5.3.17
2022-04-01T18:23:59.857+0530 INFO No active profile set, falling back to 1 default profile: "default"
2022-04-01T18:24:00.558+0530 INFO Starting LvSafetyVerificationApplicationTests using Java 15.0.1 on DESKTOP-TLFQ7F5 with PID 2240 (started by CAPE-SOFTWARE in D:\Project\Cape-Electric-Diagram_Backend)
2022-04-01T18:24:00.559+0530 DEBUG Running with Spring Boot v2.6.5, Spring v5.3.17
2022-04-01T18:24:00.559+0530 INFO No active profile set, falling back to 1 default profile: "default"
2022-04-01T18:24:39.782+0530 INFO Starting CapeElectricDiagramBackendApplication using Java 15.0.1 on DESKTOP-TLFQ7F5 with PID 3864 (D:\Project\Cape-Electric-Diagram_Backend\target\classes started by CAPE-SOFTWARE in D:\Project\Cape-Electric-Diagram_Backend)
2022-04-01T18:24:39.784+0530 DEBUG Running with Spring Boot v2.6.5, Spring v5.3.17
2022-04-01T18:24:39.785+0530 INFO No active profile set, falling back to 1 default profile: "default"
2022-04-01T18:24:42.527+0530 DEBUG Filter 'jwtRequestFilter' configured for use
2022-04-01T18:32:05.057+0530 INFO Starting CapeElectricDiagramBackendApplication using Java 15.0.1 on DESKTOP-TLFQ7F5 with PID 17972 (D:\Project\Cape-Electric-Diagram_Backend\target\classes started by CAPE-SOFTWARE in D:\Project\Cape-Electric-Diagram_Backend)
2022-04-01T18:32:05.060+0530 DEBUG Running with Spring Boot v2.6.5, Spring v5.3.17
2022-04-01T18:32:05.061+0530 INFO No active profile set, falling back to 1 default profile: "default"
2022-04-01T18:32:07.750+0530 DEBUG Filter 'jwtRequestFilter' configured for use
2022-04-01T18:32:58.715+0530 INFO Starting CapeElectricDiagramBackendApplication using Java 15.0.1 on DESKTOP-TLFQ7F5 with PID 17780 (D:\Project\Cape-Electric-Diagram_Backend\target\classes started by CAPE-SOFTWARE in D:\Project\Cape-Electric-Diagram_Backend)
2022-04-01T18:32:58.717+0530 DEBUG Running with Spring Boot v2.5.5, Spring v5.3.10
2022-04-01T18:32:58.718+0530 INFO No active profile set, falling back to default profiles: default
2022-04-01T18:33:01.740+0530 DEBUG Filter 'jwtRequestFilter' configured for use
2022-04-01T18:33:02.546+0530 INFO Started CapeElectricDiagramBackendApplication in 4.119 seconds (JVM running for 4.917)
2022-04-01T18:40:51.326+0530 INFO Starting CapeElectricDiagramBackendApplication using Java 15.0.1 on DESKTOP-TLFQ7F5 with PID 17780 (D:\Project\Cape-Electric-Diagram_Backend\target\classes started by CAPE-SOFTWARE in D:\Project\Cape-Electric-Diagram_Backend)
2022-04-01T18:40:51.327+0530 DEBUG Running with Spring Boot v2.5.5, Spring v5.3.10
2022-04-01T18:40:51.327+0530 INFO No active profile set, falling back to default profiles: default
2022-04-01T18:40:52.580+0530 DEBUG Filter 'jwtRequestFilter' configured for use
2022-04-01T18:40:52.766+0530 INFO Started CapeElectricDiagramBackendApplication in 1.5 seconds (JVM running for 475.137)
